<?xml version="1.0" encoding="UTF-8"?>
<!-- Generated by org.testng.reporters.JUnitReportReporter -->
<testsuite hostname="LAPTOP-4DDFOR6M" failures="0" tests="3" name="Collections.VerifyTheFunctionalitiesOfCollections" time="49.164" errors="0" timestamp="2025-05-27T15:40:27 IST" skipped="0">
  <testcase classname="Collections.VerifyTheFunctionalitiesOfCollections" name="VerifyTestPrerequisites" time="6.963"/>
  <system-out/>
  <testcase classname="Collections.VerifyTheFunctionalitiesOfCollections" name="verifyFunctionalityOfCreatingAccount" time="19.585"/>
  <system-out/>
  <testcase classname="Collections.VerifyTheFunctionalitiesOfCollections" name="verifyFunctionalityOfCreateNewCollection" time="22.616"/>
  <system-out/>
</testsuite> <!-- Collections.VerifyTheFunctionalitiesOfCollections -->
