<?xml version="1.0" encoding="UTF-8"?>
<!-- Generated by org.testng.reporters.JUnitReportReporter -->
<testsuite hostname="LAPTOP-4DDFOR6M" failures="0" tests="2" name="CreateAccount.VerifyFunctionalitiesOfCreateAccount" time="21.298" errors="1" timestamp="2025-05-27T15:40:27 IST" skipped="0">
  <testcase classname="CreateAccount.VerifyFunctionalitiesOfCreateAccount" name="VerifyTestPrerequisites" time="6.788"/>
  <system-out/>
  <testcase classname="CreateAccount.VerifyFunctionalitiesOfCreateAccount" name="verifyFunctionalityOfCreatingAccount" time="14.510">
    <error message="❌ Verification code not found." type="java.lang.RuntimeException">
      <![CDATA[java.lang.RuntimeException: ❌ Verification code not found.
at Actions.LoginAndSignupActions.LoginAndSignupActions.EnterVarificationCodeAfterPassword(LoginAndSignupActions.java:102)
at CreateAccount.VerifyFunctionalitiesOfCreateAccount.verifyFunctionalityOfCreatingAccount(VerifyFunctionalitiesOfCreateAccount.java:46)
at java.base/jdk.internal.reflect.DirectMethodHandleAccessor.invoke(DirectMethodHandleAccessor.java:103)
at java.base/java.lang.reflect.Method.invoke(Method.java:580)
at org.testng.internal.MethodInvocationHelper.invokeMethod(MethodInvocationHelper.java:134)
at org.testng.internal.TestInvoker.invokeMethod(TestInvoker.java:597)
at org.testng.internal.TestInvoker.invokeTestMethod(TestInvoker.java:173)
at org.testng.internal.MethodRunner.runInSequence(MethodRunner.java:46)
at org.testng.internal.TestInvoker$MethodInvocationAgent.invoke(TestInvoker.java:816)
at org.testng.internal.TestInvoker.invokeTestMethods(TestInvoker.java:146)
at org.testng.internal.TestMethodWorker.invokeTestMethods(TestMethodWorker.java:146)
at org.testng.internal.TestMethodWorker.run(TestMethodWorker.java:128)
at java.base/java.util.concurrent.ThreadPoolExecutor.runWorker(ThreadPoolExecutor.java:1144)
at java.base/java.util.concurrent.ThreadPoolExecutor$Worker.run(ThreadPoolExecutor.java:642)
at java.base/java.lang.Thread.run(Thread.java:1583)
]]>
    </error>
  </testcase> <!-- verifyFunctionalityOfCreatingAccount -->
  <system-out/>
</testsuite> <!-- CreateAccount.VerifyFunctionalitiesOfCreateAccount -->
