<?xml version="1.0" encoding="UTF-8"?>
<!-- Generated by org.testng.reporters.JUnitReportReporter -->
<testsuite hostname="LAPTOP-4DDFOR6M" failures="0" tests="2" name="Login.VerifyTheFunctionalitiesOfLogin" time="18.237" errors="0" timestamp="2025-06-18T14:53:10 IST" skipped="0">
  <testcase classname="Login.VerifyTheFunctionalitiesOfLogin" name="VerifyTestPrerequisites" time="6.681"/>
  <system-out/>
  <testcase classname="Login.VerifyTheFunctionalitiesOfLogin" name="verifyLoginToApplicationWithValidCredentials" time="11.556"/>
  <system-out/>
</testsuite> <!-- Login.VerifyTheFunctionalitiesOfLogin -->
